G75*
G70*
%OFA0B0*%
%FSLAX24Y24*%
%IPPOS*%
%LPD*%
%AMOC8*
5,1,8,0,0,1.08239X$1,22.5*
%
%ADD10C,0.0000*%
D10*
X003509Y000659D02*
X003509Y023888D01*
X038942Y023888D01*
X038942Y000659D01*
X003509Y000659D01*
X004650Y001998D02*
X004652Y002046D01*
X004658Y002094D01*
X004668Y002141D01*
X004681Y002187D01*
X004699Y002232D01*
X004719Y002276D01*
X004744Y002318D01*
X004772Y002357D01*
X004802Y002394D01*
X004836Y002428D01*
X004873Y002460D01*
X004911Y002489D01*
X004952Y002514D01*
X004995Y002536D01*
X005040Y002554D01*
X005086Y002568D01*
X005133Y002579D01*
X005181Y002586D01*
X005229Y002589D01*
X005277Y002588D01*
X005325Y002583D01*
X005373Y002574D01*
X005419Y002562D01*
X005464Y002545D01*
X005508Y002525D01*
X005550Y002502D01*
X005590Y002475D01*
X005628Y002445D01*
X005663Y002412D01*
X005695Y002376D01*
X005725Y002338D01*
X005751Y002297D01*
X005773Y002254D01*
X005793Y002210D01*
X005808Y002165D01*
X005820Y002118D01*
X005828Y002070D01*
X005832Y002022D01*
X005832Y001974D01*
X005828Y001926D01*
X005820Y001878D01*
X005808Y001831D01*
X005793Y001786D01*
X005773Y001742D01*
X005751Y001699D01*
X005725Y001658D01*
X005695Y001620D01*
X005663Y001584D01*
X005628Y001551D01*
X005590Y001521D01*
X005550Y001494D01*
X005508Y001471D01*
X005464Y001451D01*
X005419Y001434D01*
X005373Y001422D01*
X005325Y001413D01*
X005277Y001408D01*
X005229Y001407D01*
X005181Y001410D01*
X005133Y001417D01*
X005086Y001428D01*
X005040Y001442D01*
X004995Y001460D01*
X004952Y001482D01*
X004911Y001507D01*
X004873Y001536D01*
X004836Y001568D01*
X004802Y001602D01*
X004772Y001639D01*
X004744Y001678D01*
X004719Y001720D01*
X004699Y001764D01*
X004681Y001809D01*
X004668Y001855D01*
X004658Y001902D01*
X004652Y001950D01*
X004650Y001998D01*
X025458Y021683D02*
X025460Y021709D01*
X025466Y021735D01*
X025476Y021760D01*
X025489Y021783D01*
X025505Y021803D01*
X025525Y021821D01*
X025547Y021836D01*
X025570Y021848D01*
X025596Y021856D01*
X025622Y021860D01*
X025648Y021860D01*
X025674Y021856D01*
X025700Y021848D01*
X025724Y021836D01*
X025745Y021821D01*
X025765Y021803D01*
X025781Y021783D01*
X025794Y021760D01*
X025804Y021735D01*
X025810Y021709D01*
X025812Y021683D01*
X025810Y021657D01*
X025804Y021631D01*
X025794Y021606D01*
X025781Y021583D01*
X025765Y021563D01*
X025745Y021545D01*
X025723Y021530D01*
X025700Y021518D01*
X025674Y021510D01*
X025648Y021506D01*
X025622Y021506D01*
X025596Y021510D01*
X025570Y021518D01*
X025546Y021530D01*
X025525Y021545D01*
X025505Y021563D01*
X025489Y021583D01*
X025476Y021606D01*
X025466Y021631D01*
X025460Y021657D01*
X025458Y021683D01*
X027190Y021683D02*
X027192Y021709D01*
X027198Y021735D01*
X027208Y021760D01*
X027221Y021783D01*
X027237Y021803D01*
X027257Y021821D01*
X027279Y021836D01*
X027302Y021848D01*
X027328Y021856D01*
X027354Y021860D01*
X027380Y021860D01*
X027406Y021856D01*
X027432Y021848D01*
X027456Y021836D01*
X027477Y021821D01*
X027497Y021803D01*
X027513Y021783D01*
X027526Y021760D01*
X027536Y021735D01*
X027542Y021709D01*
X027544Y021683D01*
X027542Y021657D01*
X027536Y021631D01*
X027526Y021606D01*
X027513Y021583D01*
X027497Y021563D01*
X027477Y021545D01*
X027455Y021530D01*
X027432Y021518D01*
X027406Y021510D01*
X027380Y021506D01*
X027354Y021506D01*
X027328Y021510D01*
X027302Y021518D01*
X027278Y021530D01*
X027257Y021545D01*
X027237Y021563D01*
X027221Y021583D01*
X027208Y021606D01*
X027198Y021631D01*
X027192Y021657D01*
X027190Y021683D01*
X036934Y022470D02*
X036936Y022518D01*
X036942Y022566D01*
X036952Y022613D01*
X036965Y022659D01*
X036983Y022704D01*
X037003Y022748D01*
X037028Y022790D01*
X037056Y022829D01*
X037086Y022866D01*
X037120Y022900D01*
X037157Y022932D01*
X037195Y022961D01*
X037236Y022986D01*
X037279Y023008D01*
X037324Y023026D01*
X037370Y023040D01*
X037417Y023051D01*
X037465Y023058D01*
X037513Y023061D01*
X037561Y023060D01*
X037609Y023055D01*
X037657Y023046D01*
X037703Y023034D01*
X037748Y023017D01*
X037792Y022997D01*
X037834Y022974D01*
X037874Y022947D01*
X037912Y022917D01*
X037947Y022884D01*
X037979Y022848D01*
X038009Y022810D01*
X038035Y022769D01*
X038057Y022726D01*
X038077Y022682D01*
X038092Y022637D01*
X038104Y022590D01*
X038112Y022542D01*
X038116Y022494D01*
X038116Y022446D01*
X038112Y022398D01*
X038104Y022350D01*
X038092Y022303D01*
X038077Y022258D01*
X038057Y022214D01*
X038035Y022171D01*
X038009Y022130D01*
X037979Y022092D01*
X037947Y022056D01*
X037912Y022023D01*
X037874Y021993D01*
X037834Y021966D01*
X037792Y021943D01*
X037748Y021923D01*
X037703Y021906D01*
X037657Y021894D01*
X037609Y021885D01*
X037561Y021880D01*
X037513Y021879D01*
X037465Y021882D01*
X037417Y021889D01*
X037370Y021900D01*
X037324Y021914D01*
X037279Y021932D01*
X037236Y021954D01*
X037195Y021979D01*
X037157Y022008D01*
X037120Y022040D01*
X037086Y022074D01*
X037056Y022111D01*
X037028Y022150D01*
X037003Y022192D01*
X036983Y022236D01*
X036965Y022281D01*
X036952Y022327D01*
X036942Y022374D01*
X036936Y022422D01*
X036934Y022470D01*
X036934Y001998D02*
X036936Y002046D01*
X036942Y002094D01*
X036952Y002141D01*
X036965Y002187D01*
X036983Y002232D01*
X037003Y002276D01*
X037028Y002318D01*
X037056Y002357D01*
X037086Y002394D01*
X037120Y002428D01*
X037157Y002460D01*
X037195Y002489D01*
X037236Y002514D01*
X037279Y002536D01*
X037324Y002554D01*
X037370Y002568D01*
X037417Y002579D01*
X037465Y002586D01*
X037513Y002589D01*
X037561Y002588D01*
X037609Y002583D01*
X037657Y002574D01*
X037703Y002562D01*
X037748Y002545D01*
X037792Y002525D01*
X037834Y002502D01*
X037874Y002475D01*
X037912Y002445D01*
X037947Y002412D01*
X037979Y002376D01*
X038009Y002338D01*
X038035Y002297D01*
X038057Y002254D01*
X038077Y002210D01*
X038092Y002165D01*
X038104Y002118D01*
X038112Y002070D01*
X038116Y002022D01*
X038116Y001974D01*
X038112Y001926D01*
X038104Y001878D01*
X038092Y001831D01*
X038077Y001786D01*
X038057Y001742D01*
X038035Y001699D01*
X038009Y001658D01*
X037979Y001620D01*
X037947Y001584D01*
X037912Y001551D01*
X037874Y001521D01*
X037834Y001494D01*
X037792Y001471D01*
X037748Y001451D01*
X037703Y001434D01*
X037657Y001422D01*
X037609Y001413D01*
X037561Y001408D01*
X037513Y001407D01*
X037465Y001410D01*
X037417Y001417D01*
X037370Y001428D01*
X037324Y001442D01*
X037279Y001460D01*
X037236Y001482D01*
X037195Y001507D01*
X037157Y001536D01*
X037120Y001568D01*
X037086Y001602D01*
X037056Y001639D01*
X037028Y001678D01*
X037003Y001720D01*
X036983Y001764D01*
X036965Y001809D01*
X036952Y001855D01*
X036942Y001902D01*
X036936Y001950D01*
X036934Y001998D01*
M02*
