G75*
%MOIN*%
%OFA0B0*%
%FSLAX24Y24*%
%IPPOS*%
%LPD*%
%AMOC8*
5,1,8,0,0,1.08239X$1,22.5*
%
%ADD10C,0.0000*%
D10*
X007840Y001980D02*
X007840Y021271D01*
X091698Y021271D01*
X102328Y010641D01*
X102328Y001980D01*
X007840Y001980D01*
X041501Y009460D02*
X041503Y009508D01*
X041509Y009556D01*
X041519Y009603D01*
X041532Y009649D01*
X041550Y009694D01*
X041570Y009738D01*
X041595Y009780D01*
X041623Y009819D01*
X041653Y009856D01*
X041687Y009890D01*
X041724Y009922D01*
X041762Y009951D01*
X041803Y009976D01*
X041846Y009998D01*
X041891Y010016D01*
X041937Y010030D01*
X041984Y010041D01*
X042032Y010048D01*
X042080Y010051D01*
X042128Y010050D01*
X042176Y010045D01*
X042224Y010036D01*
X042270Y010024D01*
X042315Y010007D01*
X042359Y009987D01*
X042401Y009964D01*
X042441Y009937D01*
X042479Y009907D01*
X042514Y009874D01*
X042546Y009838D01*
X042576Y009800D01*
X042602Y009759D01*
X042624Y009716D01*
X042644Y009672D01*
X042659Y009627D01*
X042671Y009580D01*
X042679Y009532D01*
X042683Y009484D01*
X042683Y009436D01*
X042679Y009388D01*
X042671Y009340D01*
X042659Y009293D01*
X042644Y009248D01*
X042624Y009204D01*
X042602Y009161D01*
X042576Y009120D01*
X042546Y009082D01*
X042514Y009046D01*
X042479Y009013D01*
X042441Y008983D01*
X042401Y008956D01*
X042359Y008933D01*
X042315Y008913D01*
X042270Y008896D01*
X042224Y008884D01*
X042176Y008875D01*
X042128Y008870D01*
X042080Y008869D01*
X042032Y008872D01*
X041984Y008879D01*
X041937Y008890D01*
X041891Y008904D01*
X041846Y008922D01*
X041803Y008944D01*
X041762Y008969D01*
X041724Y008998D01*
X041687Y009030D01*
X041653Y009064D01*
X041623Y009101D01*
X041595Y009140D01*
X041570Y009182D01*
X041550Y009226D01*
X041532Y009271D01*
X041519Y009317D01*
X041509Y009364D01*
X041503Y009412D01*
X041501Y009460D01*
X065516Y009460D02*
X065518Y009508D01*
X065524Y009556D01*
X065534Y009603D01*
X065547Y009649D01*
X065565Y009694D01*
X065585Y009738D01*
X065610Y009780D01*
X065638Y009819D01*
X065668Y009856D01*
X065702Y009890D01*
X065739Y009922D01*
X065777Y009951D01*
X065818Y009976D01*
X065861Y009998D01*
X065906Y010016D01*
X065952Y010030D01*
X065999Y010041D01*
X066047Y010048D01*
X066095Y010051D01*
X066143Y010050D01*
X066191Y010045D01*
X066239Y010036D01*
X066285Y010024D01*
X066330Y010007D01*
X066374Y009987D01*
X066416Y009964D01*
X066456Y009937D01*
X066494Y009907D01*
X066529Y009874D01*
X066561Y009838D01*
X066591Y009800D01*
X066617Y009759D01*
X066639Y009716D01*
X066659Y009672D01*
X066674Y009627D01*
X066686Y009580D01*
X066694Y009532D01*
X066698Y009484D01*
X066698Y009436D01*
X066694Y009388D01*
X066686Y009340D01*
X066674Y009293D01*
X066659Y009248D01*
X066639Y009204D01*
X066617Y009161D01*
X066591Y009120D01*
X066561Y009082D01*
X066529Y009046D01*
X066494Y009013D01*
X066456Y008983D01*
X066416Y008956D01*
X066374Y008933D01*
X066330Y008913D01*
X066285Y008896D01*
X066239Y008884D01*
X066191Y008875D01*
X066143Y008870D01*
X066095Y008869D01*
X066047Y008872D01*
X065999Y008879D01*
X065952Y008890D01*
X065906Y008904D01*
X065861Y008922D01*
X065818Y008944D01*
X065777Y008969D01*
X065739Y008998D01*
X065702Y009030D01*
X065668Y009064D01*
X065638Y009101D01*
X065610Y009140D01*
X065585Y009182D01*
X065565Y009226D01*
X065547Y009271D01*
X065534Y009317D01*
X065524Y009364D01*
X065518Y009412D01*
X065516Y009460D01*
X080477Y003555D02*
X080479Y003603D01*
X080485Y003651D01*
X080495Y003698D01*
X080508Y003744D01*
X080526Y003789D01*
X080546Y003833D01*
X080571Y003875D01*
X080599Y003914D01*
X080629Y003951D01*
X080663Y003985D01*
X080700Y004017D01*
X080738Y004046D01*
X080779Y004071D01*
X080822Y004093D01*
X080867Y004111D01*
X080913Y004125D01*
X080960Y004136D01*
X081008Y004143D01*
X081056Y004146D01*
X081104Y004145D01*
X081152Y004140D01*
X081200Y004131D01*
X081246Y004119D01*
X081291Y004102D01*
X081335Y004082D01*
X081377Y004059D01*
X081417Y004032D01*
X081455Y004002D01*
X081490Y003969D01*
X081522Y003933D01*
X081552Y003895D01*
X081578Y003854D01*
X081600Y003811D01*
X081620Y003767D01*
X081635Y003722D01*
X081647Y003675D01*
X081655Y003627D01*
X081659Y003579D01*
X081659Y003531D01*
X081655Y003483D01*
X081647Y003435D01*
X081635Y003388D01*
X081620Y003343D01*
X081600Y003299D01*
X081578Y003256D01*
X081552Y003215D01*
X081522Y003177D01*
X081490Y003141D01*
X081455Y003108D01*
X081417Y003078D01*
X081377Y003051D01*
X081335Y003028D01*
X081291Y003008D01*
X081246Y002991D01*
X081200Y002979D01*
X081152Y002970D01*
X081104Y002965D01*
X081056Y002964D01*
X081008Y002967D01*
X080960Y002974D01*
X080913Y002985D01*
X080867Y002999D01*
X080822Y003017D01*
X080779Y003039D01*
X080738Y003064D01*
X080700Y003093D01*
X080663Y003125D01*
X080629Y003159D01*
X080599Y003196D01*
X080571Y003235D01*
X080546Y003277D01*
X080526Y003321D01*
X080508Y003366D01*
X080495Y003412D01*
X080485Y003459D01*
X080479Y003507D01*
X080477Y003555D01*
X100162Y003555D02*
X100164Y003603D01*
X100170Y003651D01*
X100180Y003698D01*
X100193Y003744D01*
X100211Y003789D01*
X100231Y003833D01*
X100256Y003875D01*
X100284Y003914D01*
X100314Y003951D01*
X100348Y003985D01*
X100385Y004017D01*
X100423Y004046D01*
X100464Y004071D01*
X100507Y004093D01*
X100552Y004111D01*
X100598Y004125D01*
X100645Y004136D01*
X100693Y004143D01*
X100741Y004146D01*
X100789Y004145D01*
X100837Y004140D01*
X100885Y004131D01*
X100931Y004119D01*
X100976Y004102D01*
X101020Y004082D01*
X101062Y004059D01*
X101102Y004032D01*
X101140Y004002D01*
X101175Y003969D01*
X101207Y003933D01*
X101237Y003895D01*
X101263Y003854D01*
X101285Y003811D01*
X101305Y003767D01*
X101320Y003722D01*
X101332Y003675D01*
X101340Y003627D01*
X101344Y003579D01*
X101344Y003531D01*
X101340Y003483D01*
X101332Y003435D01*
X101320Y003388D01*
X101305Y003343D01*
X101285Y003299D01*
X101263Y003256D01*
X101237Y003215D01*
X101207Y003177D01*
X101175Y003141D01*
X101140Y003108D01*
X101102Y003078D01*
X101062Y003051D01*
X101020Y003028D01*
X100976Y003008D01*
X100931Y002991D01*
X100885Y002979D01*
X100837Y002970D01*
X100789Y002965D01*
X100741Y002964D01*
X100693Y002967D01*
X100645Y002974D01*
X100598Y002985D01*
X100552Y002999D01*
X100507Y003017D01*
X100464Y003039D01*
X100423Y003064D01*
X100385Y003093D01*
X100348Y003125D01*
X100314Y003159D01*
X100284Y003196D01*
X100256Y003235D01*
X100231Y003277D01*
X100211Y003321D01*
X100193Y003366D01*
X100180Y003412D01*
X100170Y003459D01*
X100164Y003507D01*
X100162Y003555D01*
X026934Y019303D02*
X026936Y019351D01*
X026942Y019399D01*
X026952Y019446D01*
X026965Y019492D01*
X026983Y019537D01*
X027003Y019581D01*
X027028Y019623D01*
X027056Y019662D01*
X027086Y019699D01*
X027120Y019733D01*
X027157Y019765D01*
X027195Y019794D01*
X027236Y019819D01*
X027279Y019841D01*
X027324Y019859D01*
X027370Y019873D01*
X027417Y019884D01*
X027465Y019891D01*
X027513Y019894D01*
X027561Y019893D01*
X027609Y019888D01*
X027657Y019879D01*
X027703Y019867D01*
X027748Y019850D01*
X027792Y019830D01*
X027834Y019807D01*
X027874Y019780D01*
X027912Y019750D01*
X027947Y019717D01*
X027979Y019681D01*
X028009Y019643D01*
X028035Y019602D01*
X028057Y019559D01*
X028077Y019515D01*
X028092Y019470D01*
X028104Y019423D01*
X028112Y019375D01*
X028116Y019327D01*
X028116Y019279D01*
X028112Y019231D01*
X028104Y019183D01*
X028092Y019136D01*
X028077Y019091D01*
X028057Y019047D01*
X028035Y019004D01*
X028009Y018963D01*
X027979Y018925D01*
X027947Y018889D01*
X027912Y018856D01*
X027874Y018826D01*
X027834Y018799D01*
X027792Y018776D01*
X027748Y018756D01*
X027703Y018739D01*
X027657Y018727D01*
X027609Y018718D01*
X027561Y018713D01*
X027513Y018712D01*
X027465Y018715D01*
X027417Y018722D01*
X027370Y018733D01*
X027324Y018747D01*
X027279Y018765D01*
X027236Y018787D01*
X027195Y018812D01*
X027157Y018841D01*
X027120Y018873D01*
X027086Y018907D01*
X027056Y018944D01*
X027028Y018983D01*
X027003Y019025D01*
X026983Y019069D01*
X026965Y019114D01*
X026952Y019160D01*
X026942Y019207D01*
X026936Y019255D01*
X026934Y019303D01*
X084808Y019696D02*
X084810Y019744D01*
X084816Y019792D01*
X084826Y019839D01*
X084839Y019885D01*
X084857Y019930D01*
X084877Y019974D01*
X084902Y020016D01*
X084930Y020055D01*
X084960Y020092D01*
X084994Y020126D01*
X085031Y020158D01*
X085069Y020187D01*
X085110Y020212D01*
X085153Y020234D01*
X085198Y020252D01*
X085244Y020266D01*
X085291Y020277D01*
X085339Y020284D01*
X085387Y020287D01*
X085435Y020286D01*
X085483Y020281D01*
X085531Y020272D01*
X085577Y020260D01*
X085622Y020243D01*
X085666Y020223D01*
X085708Y020200D01*
X085748Y020173D01*
X085786Y020143D01*
X085821Y020110D01*
X085853Y020074D01*
X085883Y020036D01*
X085909Y019995D01*
X085931Y019952D01*
X085951Y019908D01*
X085966Y019863D01*
X085978Y019816D01*
X085986Y019768D01*
X085990Y019720D01*
X085990Y019672D01*
X085986Y019624D01*
X085978Y019576D01*
X085966Y019529D01*
X085951Y019484D01*
X085931Y019440D01*
X085909Y019397D01*
X085883Y019356D01*
X085853Y019318D01*
X085821Y019282D01*
X085786Y019249D01*
X085748Y019219D01*
X085708Y019192D01*
X085666Y019169D01*
X085622Y019149D01*
X085577Y019132D01*
X085531Y019120D01*
X085483Y019111D01*
X085435Y019106D01*
X085387Y019105D01*
X085339Y019108D01*
X085291Y019115D01*
X085244Y019126D01*
X085198Y019140D01*
X085153Y019158D01*
X085110Y019180D01*
X085069Y019205D01*
X085031Y019234D01*
X084994Y019266D01*
X084960Y019300D01*
X084930Y019337D01*
X084902Y019376D01*
X084877Y019418D01*
X084857Y019462D01*
X084839Y019507D01*
X084826Y019553D01*
X084816Y019600D01*
X084810Y019648D01*
X084808Y019696D01*
M02*
